<?xml version="1.0" encoding="UTF-8"?>
<!-- Generated by org.testng.reporters.JUnitReportReporter -->
<testsuite skipped="0" hostname="ESW016" name="com.Testcases.TC_Login" tests="1" failures="0" timestamp="29 Nov 2018 08:41:11 GMT" time="12.662" errors="0">
  <testcase name="loginmethod" time="12.662" classname="com.Testcases.TC_Login"/>
</testsuite> <!-- com.Testcases.TC_Login -->
