<?xml version="1.0" encoding="UTF-8"?>
<!-- Generated by org.testng.reporters.JUnitReportReporter -->
<testsuite skipped="0" hostname="ESW016" name="com.Testcases.Sample" tests="1" failures="0" timestamp="31 Oct 2018 12:42:57 GMT" time="7.210" errors="0">
  <testcase name="Paymatelogin1" time="7.210" classname="com.Testcases.Sample"/>
</testsuite> <!-- com.Testcases.Sample -->
